# JRE version: OpenJDK Runtime Environment JBR-11.0.13.7-1751.19-dcevm (11.0.13+7) (build 11.0.13+7-b1751.19)
# Java VM: Dynamic Code Evolution 64-Bit Server VM JBR-11.0.13.7-1751.19-dcevm (11.0.13+7-b1751.19, mixed mode, tiered, compressed oops, g1 gc, windows-amd64)
Heap:
 garbage-first heap   total 262144K, used 200624K [0x00000000e0000000, 0x0000000100000000)
  region size 1024K, 95 young (97280K), 11 survivors (11264K)
 Metaspace       used 84578K, capacity 89246K, committed 89468K, reserved 331776K
  class space    used 11572K, capacity 13407K, committed 13516K, reserved 253952K
GC Heap History (20 events):
Event: 3.291 GC heap before
{Heap before GC invocations=1 (full 0):
 garbage-first heap   total 262144K, used 100716K [0x00000000e0000000, 0x0000000100000000)
  region size 1024K, 93 young (95232K), 3 survivors (3072K)
 Metaspace       used 20827K, capacity 21234K, committed 21296K, reserved 274432K
  class space    used 2548K, capacity 2683K, committed 2688K, reserved 253952K
}
Event: 3.304 GC heap after
{Heap after GC invocations=2 (full 0):
 garbage-first heap   total 262144K, used 16872K [0x00000000e0000000, 0x0000000100000000)
  region size 1024K, 11 young (11264K), 11 survivors (11264K)
 Metaspace       used 20827K, capacity 21234K, committed 21296K, reserved 274432K
  class space    used 2548K, capacity 2683K, committed 2688K, reserved 253952K
}
Event: 3.661 GC heap before
{Heap before GC invocations=3 (full 0):
 garbage-first heap   total 262144K, used 52712K [0x00000000e0000000, 0x0000000100000000)
  region size 1024K, 47 young (48128K), 11 survivors (11264K)
 Metaspace       used 24727K, capacity 25371K, committed 25596K, reserved 276480K
  class space    used 3139K, capacity 3343K, committed 3404K, reserved 253952K
}
Event: 3.665 GC heap after
{Heap after GC invocations=4 (full 0):
 garbage-first heap   total 262144K, used 18243K [0x00000000e0000000, 0x0000000100000000)
  region size 1024K, 2 young (2048K), 2 survivors (2048K)
 Metaspace       used 24727K, capacity 25371K, committed 25596K, reserved 276480K
  class space    used 3139K, capacity 3343K, committed 3404K, reserved 253952K
}
Event: 4.753 GC heap before
{Heap before GC invocations=4 (full 0):
 garbage-first heap   total 262144K, used 124739K [0x00000000e0000000, 0x0000000100000000)
  region size 1024K, 99 young (101376K), 2 survivors (2048K)
 Metaspace       used 34949K, capacity 35901K, committed 35964K, reserved 286720K
  class space    used 4754K, capacity 5047K, committed 5068K, reserved 253952K
}
Event: 4.762 GC heap after
{Heap after GC invocations=5 (full 0):
 garbage-first heap   total 262144K, used 32225K [0x00000000e0000000, 0x0000000100000000)
  region size 1024K, 7 young (7168K), 7 survivors (7168K)
 Metaspace       used 34949K, capacity 35901K, committed 35964K, reserved 286720K
  class space    used 4754K, capacity 5047K, committed 5068K, reserved 253952K
}
Event: 6.343 GC heap before
{Heap before GC invocations=6 (full 0):
 garbage-first heap   total 262144K, used 164321K [0x00000000e0000000, 0x0000000100000000)
  region size 1024K, 130 young (133120K), 7 survivors (7168K)
 Metaspace       used 47590K, capacity 48812K, committed 49020K, reserved 296960K
  class space    used 6148K, capacity 6585K, committed 6604K, reserved 253952K
}
Event: 6.352 GC heap after
{Heap after GC invocations=7 (full 0):
 garbage-first heap   total 262144K, used 45942K [0x00000000e0000000, 0x0000000100000000)
  region size 1024K, 16 young (16384K), 16 survivors (16384K)
 Metaspace       used 47590K, capacity 48812K, committed 49020K, reserved 296960K
  class space    used 6148K, capacity 6585K, committed 6604K, reserved 253952K
}
Event: 7.844 GC heap before
{Heap before GC invocations=7 (full 0):
 garbage-first heap   total 262144K, used 190326K [0x00000000e0000000, 0x0000000100000000)
  region size 1024K, 153 young (156672K), 16 survivors (16384K)
 Metaspace       used 56992K, capacity 58832K, committed 59004K, reserved 305152K
  class space    used 7431K, capacity 8046K, committed 8140K, reserved 253952K
}
Event: 7.859 GC heap after
{Heap after GC invocations=8 (full 0):
 garbage-first heap   total 262144K, used 59493K [0x00000000e0000000, 0x0000000100000000)
  region size 1024K, 20 young (20480K), 20 survivors (20480K)
 Metaspace       used 56992K, capacity 58832K, committed 59004K, reserved 305152K
  class space    used 7431K, capacity 8046K, committed 8140K, reserved 253952K
}
Event: 8.442 GC heap before
{Heap before GC invocations=8 (full 0):
 garbage-first heap   total 262144K, used 120933K [0x00000000e0000000, 0x0000000100000000)
  region size 1024K, 81 young (82944K), 20 survivors (20480K)
 Metaspace       used 58054K, capacity 60243K, committed 60284K, reserved 307200K
  class space    used 7623K, capacity 8383K, committed 8396K, reserved 253952K
}
Event: 8.471 GC heap after
{Heap after GC invocations=9 (full 0):
 garbage-first heap   total 262144K, used 65485K [0x00000000e0000000, 0x0000000100000000)
  region size 1024K, 6 young (6144K), 6 survivors (6144K)
 Metaspace       used 58054K, capacity 60243K, committed 60284K, reserved 307200K
  class space    used 7623K, capacity 8383K, committed 8396K, reserved 253952K
}
Event: 9.873 GC heap before
{Heap before GC invocations=10 (full 0):
 garbage-first heap   total 262144K, used 174029K [0x00000000e0000000, 0x0000000100000000)
  region size 1024K, 112 young (114688K), 6 survivors (6144K)
 Metaspace       used 67250K, capacity 70249K, committed 70396K, reserved 315392K
  class space    used 8843K, capacity 10036K, committed 10060K, reserved 253952K
}
Event: 9.879 GC heap after
{Heap after GC invocations=11 (full 0):
 garbage-first heap   total 262144K, used 73805K [0x00000000e0000000, 0x0000000100000000)
  region size 1024K, 14 young (14336K), 14 survivors (14336K)
 Metaspace       used 67250K, capacity 70249K, committed 70396K, reserved 315392K
  class space    used 8843K, capacity 10036K, committed 10060K, reserved 253952K
}
Event: 10.632 GC heap before
{Heap before GC invocations=11 (full 0):
 garbage-first heap   total 262144K, used 182349K [0x00000000e0000000, 0x0000000100000000)
  region size 1024K, 120 young (122880K), 14 survivors (14336K)
 Metaspace       used 71384K, capacity 75179K, committed 75260K, reserved 319488K
  class space    used 9575K, capacity 11040K, committed 11084K, reserved 253952K
}
Event: 10.644 GC heap after
{Heap after GC invocations=12 (full 0):
 garbage-first heap   total 262144K, used 84074K [0x00000000e0000000, 0x0000000100000000)
  region size 1024K, 11 young (11264K), 11 survivors (11264K)
 Metaspace       used 71384K, capacity 75179K, committed 75260K, reserved 319488K
  class space    used 9575K, capacity 11040K, committed 11084K, reserved 253952K
}
Event: 11.556 GC heap before
{Heap before GC invocations=12 (full 0):
 garbage-first heap   total 262144K, used 189546K [0x00000000e0000000, 0x0000000100000000)
  region size 1024K, 114 young (116736K), 11 survivors (11264K)
 Metaspace       used 73961K, capacity 77974K, committed 78204K, reserved 321536K
  class space    used 10031K, capacity 11608K, committed 11724K, reserved 253952K
}
Event: 11.568 GC heap after
{Heap after GC invocations=13 (full 0):
 garbage-first heap   total 262144K, used 95551K [0x00000000e0000000, 0x0000000100000000)
  region size 1024K, 12 young (12288K), 12 survivors (12288K)
 Metaspace       used 73961K, capacity 77974K, committed 78204K, reserved 321536K
  class space    used 10031K, capacity 11608K, committed 11724K, reserved 253952K
}
Event: 12.807 GC heap before
{Heap before GC invocations=13 (full 0):
 garbage-first heap   total 262144K, used 204095K [0x00000000e0000000, 0x0000000100000000)
  region size 1024K, 110 young (112640K), 12 survivors (12288K)
 Metaspace       used 78301K, capacity 82687K, committed 82812K, reserved 325632K
  class space    used 10664K, capacity 12372K, committed 12492K, reserved 253952K
}
Event: 12.815 GC heap after
{Heap after GC invocations=14 (full 0):
 garbage-first heap   total 262144K, used 115632K [0x00000000e0000000, 0x0000000100000000)
  region size 1024K, 11 young (11264K), 11 survivors (11264K)
 Metaspace       used 78301K, capacity 82687K, committed 82812K, reserved 325632K
  class space    used 10664K, capacity 12372K, committed 12492K, reserved 253952K
}

